2026-02-17 19:40:05,961 - INFO - 开始执行招投标信息爬虫
2026-02-17 19:40:05,963 - INFO - 开始抓取第 1 页
2026-02-17 19:40:05,963 - INFO - 等待 2.58 秒后请求页面
2026-02-17 19:40:12,891 - INFO - 成功获取页面: https://www.yfbzb.com/
2026-02-17 19:40:12,991 - INFO - 找到 276 个招标项目
2026-02-17 19:40:12,991 - INFO - 提取招标信息: 
2026-02-17 19:40:12,992 - INFO - 提取招标信息: 
2026-02-17 19:40:12,992 - INFO - 提取招标信息: 
2026-02-17 19:40:12,993 - INFO - 提取招标信息: 
2026-02-17 19:40:12,993 - INFO - 提取招标信息: 
2026-02-17 19:40:12,994 - INFO - 提取招标信息: 
2026-02-17 19:40:12,994 - INFO - 提取招标信息: 
2026-02-17 19:40:12,996 - INFO - 提取招标信息: 
2026-02-17 19:40:12,996 - INFO - 提取招标信息: 
2026-02-17 19:40:12,997 - INFO - 提取招标信息: 
2026-02-17 19:40:12,998 - INFO - 提取招标信息: 
2026-02-17 19:40:12,998 - INFO - 提取招标信息: 
2026-02-17 19:40:12,999 - INFO - 提取招标信息: 
2026-02-17 19:40:12,999 - INFO - 提取招标信息: 
2026-02-17 19:40:13,000 - INFO - 提取招标信息: 
2026-02-17 19:40:13,001 - INFO - 提取招标信息: 
2026-02-17 19:40:13,001 - INFO - 提取招标信息: 
2026-02-17 19:40:13,002 - INFO - 提取招标信息: 
2026-02-17 19:40:13,003 - INFO - 提取招标信息: 
2026-02-17 19:40:13,003 - INFO - 提取招标信息: 
2026-02-17 19:40:13,004 - INFO - 提取招标信息: 
2026-02-17 19:40:13,005 - INFO - 提取招标信息: 
2026-02-17 19:40:13,005 - INFO - 提取招标信息: 
2026-02-17 19:40:13,006 - INFO - 提取招标信息: 
2026-02-17 19:40:13,006 - INFO - 提取招标信息: 
2026-02-17 19:40:13,007 - INFO - 提取招标信息: 
2026-02-17 19:40:13,007 - INFO - 提取招标信息: 
2026-02-17 19:40:13,008 - INFO - 提取招标信息: 
2026-02-17 19:40:13,009 - INFO - 提取招标信息: 
2026-02-17 19:40:13,009 - INFO - 提取招标信息: 
2026-02-17 19:40:13,010 - INFO - 提取招标信息: 
2026-02-17 19:40:13,010 - INFO - 提取招标信息: 
2026-02-17 19:40:13,010 - INFO - 提取招标信息: 
2026-02-17 19:40:13,011 - INFO - 提取招标信息: 
2026-02-17 19:40:13,011 - INFO - 提取招标信息: 
2026-02-17 19:40:13,012 - INFO - 提取招标信息: 
2026-02-17 19:40:13,012 - INFO - 提取招标信息: 
2026-02-17 19:40:13,013 - INFO - 提取招标信息: 
2026-02-17 19:40:13,013 - INFO - 提取招标信息: 
2026-02-17 19:40:13,013 - INFO - 提取招标信息: 
2026-02-17 19:40:13,013 - INFO - 提取招标信息: 
2026-02-17 19:40:13,014 - INFO - 提取招标信息: 
2026-02-17 19:40:13,014 - INFO - 提取招标信息: 
2026-02-17 19:40:13,014 - INFO - 提取招标信息: 
2026-02-17 19:40:13,015 - INFO - 提取招标信息: 
2026-02-17 19:40:13,015 - INFO - 提取招标信息: 
2026-02-17 19:40:13,015 - INFO - 提取招标信息: 
2026-02-17 19:40:13,016 - INFO - 提取招标信息: 
2026-02-17 19:40:13,016 - INFO - 提取招标信息: 
2026-02-17 19:40:13,016 - INFO - 提取招标信息: 
2026-02-17 19:40:13,017 - INFO - 提取招标信息: 
2026-02-17 19:40:13,017 - INFO - 提取招标信息: 
2026-02-17 19:40:13,018 - INFO - 提取招标信息: 
2026-02-17 19:40:13,018 - INFO - 提取招标信息: 
2026-02-17 19:40:13,019 - INFO - 提取招标信息: 
2026-02-17 19:40:13,019 - INFO - 提取招标信息: 
2026-02-17 19:40:13,020 - INFO - 提取招标信息: 
2026-02-17 19:40:13,020 - INFO - 提取招标信息: 
2026-02-17 19:40:13,021 - INFO - 提取招标信息: 
2026-02-17 19:40:13,021 - INFO - 提取招标信息: 
2026-02-17 19:40:13,022 - INFO - 提取招标信息: 
2026-02-17 19:40:13,022 - INFO - 提取招标信息: 
2026-02-17 19:40:13,022 - INFO - 提取招标信息: 
2026-02-17 19:40:13,023 - INFO - 提取招标信息: 
2026-02-17 19:40:13,023 - INFO - 提取招标信息: 
2026-02-17 19:40:13,026 - INFO - 提取招标信息: 政府单位食堂外包服务采购项目技术方案（图文结合）
2026-02-17 19:40:13,026 - INFO - 提取招标信息: 
2026-02-17 19:40:13,027 - INFO - 提取招标信息: 
2026-02-17 19:40:13,027 - INFO - 提取招标信息: 政府单位食堂外包服务采购项目技术方案（图文结合）
2026-02-17 19:40:13,028 - INFO - 提取招标信息: 政府单位食堂外包服务采购项目技术方案（图文结合）
2026-02-17 19:40:13,028 - INFO - 提取招标信息: 
2026-02-17 19:40:13,028 - INFO - 提取招标信息: 耕地土壤重金属污染成因排查投标文件（4521页）
2026-02-17 19:40:13,029 - INFO - 提取招标信息: 
2026-02-17 19:40:13,029 - INFO - 提取招标信息: 中学物业管理服务方案
2026-02-17 19:40:13,029 - INFO - 提取招标信息: 
2026-02-17 19:40:13,030 - INFO - 提取招标信息: 医院劳务派遣服务方案
2026-02-17 19:40:13,030 - INFO - 提取招标信息: 
2026-02-17 19:40:13,031 - INFO - 提取招标信息: 市政道路保洁项目投标方案(4050页)
2026-02-17 19:40:13,031 - INFO - 提取招标信息: 
2026-02-17 19:40:13,032 - INFO - 提取招标信息: 智慧环卫一体化投标文件（4325页）
2026-02-17 19:40:13,032 - INFO - 提取招标信息: 
2026-02-17 19:40:13,033 - INFO - 提取招标信息: 传媒中心虚拟演播厅建设投标文件（4618页）
2026-02-17 19:40:13,033 - INFO - 提取招标信息: 
2026-02-17 19:40:13,033 - INFO - 提取招标信息: 大楼综合机电工程全彩图文技术标
2026-02-17 19:40:13,033 - INFO - 提取招标信息: 
2026-02-17 19:40:13,034 - INFO - 提取招标信息: 镇区及工业园区绿化养护服务方案
2026-02-17 19:40:13,034 - INFO - 提取招标信息: 
2026-02-17 19:40:13,034 - INFO - 提取招标信息: 古建筑投标方案
2026-02-17 19:40:13,035 - INFO - 提取招标信息: 
2026-02-17 19:40:13,035 - INFO - 提取招标信息: 给排水改造工程检测项目投标方案
2026-02-17 19:40:13,036 - INFO - 提取招标信息: 
2026-02-17 19:40:13,036 - INFO - 提取招标信息: 幼儿园食堂大宗食材采购项目投标方案
2026-02-17 19:40:13,036 - INFO - 提取招标信息: 
2026-02-17 19:40:13,037 - INFO - 提取招标信息: 中学食材配送项目（鲜肉类）方案
2026-02-17 19:40:13,037 - INFO - 提取招标信息: 
2026-02-17 19:40:13,037 - INFO - 提取招标信息: 气膜材料及配套机电设备采购施工方案
2026-02-17 19:40:13,038 - INFO - 提取招标信息: 
2026-02-17 19:40:13,038 - INFO - 提取招标信息: 某机关单位+三下乡（实施方案与应急预案）
2026-02-17 19:40:13,038 - INFO - 提取招标信息: 
2026-02-17 19:40:13,039 - INFO - 提取招标信息: 政府网站集约化平台优化项目投标文件（4344页）
2026-02-17 19:40:13,039 - INFO - 提取招标信息: 
2026-02-17 19:40:13,039 - INFO - 提取招标信息: 实训室实训设备供货安装方案
2026-02-17 19:40:13,040 - INFO - 提取招标信息: 
2026-02-17 19:40:13,040 - INFO - 提取招标信息: 旅游疗养团队委托服务，社团服务
2026-02-17 19:40:13,040 - INFO - 提取招标信息: 
2026-02-17 19:40:13,041 - INFO - 提取招标信息: 消防物资、应急救援物资采购项目投标方案
2026-02-17 19:40:13,041 - INFO - 提取招标信息: 
2026-02-17 19:40:13,042 - INFO - 提取招标信息: 医院物业（保洁、安保、水电维修、消防控制）服务项目
2026-02-17 19:40:13,042 - INFO - 提取招标信息: 
2026-02-17 19:40:13,043 - INFO - 提取招标信息: 政府单位食堂外包服务采购项目技术方案（图文结合）
2026-02-17 19:40:13,043 - INFO - 提取招标信息: 政府单位食堂外包服务采购项目技术方案（图文结合）
2026-02-17 19:40:13,044 - INFO - 提取招标信息: 
2026-02-17 19:40:13,044 - INFO - 提取招标信息: 中学物业管理服务方案
2026-02-17 19:40:13,045 - INFO - 提取招标信息: 
2026-02-17 19:40:13,045 - INFO - 提取招标信息: 医院劳务派遣服务方案
2026-02-17 19:40:13,046 - INFO - 提取招标信息: 
2026-02-17 19:40:13,046 - INFO - 提取招标信息: 市政道路保洁项目投标方案(4050页)
2026-02-17 19:40:13,048 - INFO - 提取招标信息: 
2026-02-17 19:40:13,049 - INFO - 提取招标信息: 智慧环卫一体化投标文件（4325页）
2026-02-17 19:40:13,049 - INFO - 提取招标信息: 
2026-02-17 19:40:13,050 - INFO - 提取招标信息: 镇区及工业园区绿化养护服务方案
2026-02-17 19:40:13,050 - INFO - 提取招标信息: 
2026-02-17 19:40:13,051 - INFO - 提取招标信息: 中学食材配送项目（鲜肉类）方案
2026-02-17 19:40:13,051 - INFO - 提取招标信息: 
2026-02-17 19:40:13,052 - INFO - 提取招标信息: 某机关单位+三下乡（实施方案与应急预案）
2026-02-17 19:40:13,052 - INFO - 提取招标信息: 
2026-02-17 19:40:13,053 - INFO - 提取招标信息: 政府网站集约化平台优化项目投标文件（4344页）
2026-02-17 19:40:13,053 - INFO - 提取招标信息: 
2026-02-17 19:40:13,054 - INFO - 提取招标信息: 旅游疗养团队委托服务，社团服务
2026-02-17 19:40:13,054 - INFO - 提取招标信息: 
2026-02-17 19:40:13,055 - INFO - 提取招标信息: 医院物业（保洁、安保、水电维修、消防控制）服务项目
2026-02-17 19:40:13,055 - INFO - 提取招标信息: 
2026-02-17 19:40:13,055 - INFO - 提取招标信息: 城区道路交通设施维护投标文件（3979页）
2026-02-17 19:40:13,056 - INFO - 提取招标信息: 
2026-02-17 19:40:13,057 - INFO - 提取招标信息: 设备维修服务方案(电脑、打印机、复印机等设备)
2026-02-17 19:40:13,058 - INFO - 提取招标信息: 
2026-02-17 19:40:13,058 - INFO - 提取招标信息: 酒店工作任务承揽项目服务方案
2026-02-17 19:40:13,059 - INFO - 提取招标信息: 
2026-02-17 19:40:13,059 - INFO - 提取招标信息: 镇人民政府大院物业服务投标方案
2026-02-17 19:40:13,059 - INFO - 提取招标信息: 
2026-02-17 19:40:13,060 - INFO - 提取招标信息: 绿廊公园安保保洁服务及部分绿地养护投标方案
2026-02-17 19:40:13,060 - INFO - 提取招标信息: 
2026-02-17 19:40:13,060 - INFO - 提取招标信息: 市容管理服务投标文件（5660页）
2026-02-17 19:40:13,061 - INFO - 提取招标信息: 
2026-02-17 19:40:13,061 - INFO - 提取招标信息: 城市水体养护项目投标文件（3776页）
2026-02-17 19:40:13,061 - INFO - 提取招标信息: 
2026-02-17 19:40:13,062 - INFO - 提取招标信息: 新能源停车场配套设施、充电桩建设及停车场规划运营维保项目方案
2026-02-17 19:40:13,062 - INFO - 提取招标信息: 
2026-02-17 19:40:13,062 - INFO - 提取招标信息: 博物馆物业管理服务方案
2026-02-17 19:40:13,062 - INFO - 提取招标信息: 
2026-02-17 19:40:13,063 - INFO - 提取招标信息: 幼儿园食堂大宗食材采购项目投标方案
2026-02-17 19:40:13,063 - INFO - 提取招标信息: 幼儿园食堂大宗食材采购项目投标方案
2026-02-17 19:40:13,064 - INFO - 提取招标信息: 
2026-02-17 19:40:13,064 - INFO - 提取招标信息: 气膜材料及配套机电设备采购施工方案
2026-02-17 19:40:13,065 - INFO - 提取招标信息: 
2026-02-17 19:40:13,065 - INFO - 提取招标信息: 实训室实训设备供货安装方案
2026-02-17 19:40:13,065 - INFO - 提取招标信息: 
2026-02-17 19:40:13,066 - INFO - 提取招标信息: 消防物资、应急救援物资采购项目投标方案
2026-02-17 19:40:13,066 - INFO - 提取招标信息: 
2026-02-17 19:40:13,066 - INFO - 提取招标信息: 药品供应配送项目服务方案
2026-02-17 19:40:13,066 - INFO - 提取招标信息: 
2026-02-17 19:40:13,066 - INFO - 提取招标信息: 医用耗材供应配送服务方案
2026-02-17 19:40:13,067 - INFO - 提取招标信息: 
2026-02-17 19:40:13,067 - INFO - 提取招标信息: 全类食材配送服务方案
2026-02-17 19:40:13,067 - INFO - 提取招标信息: 
2026-02-17 19:40:13,068 - INFO - 提取招标信息: 日用品配送服务方案
2026-02-17 19:40:13,068 - INFO - 提取招标信息: 
2026-02-17 19:40:13,068 - INFO - 提取招标信息: 监狱生活物资配送 米面油
2026-02-17 19:40:13,069 - INFO - 提取招标信息: 
2026-02-17 19:40:13,069 - INFO - 提取招标信息: 公共卫生间用纸及洗手液产品供应配送服务方案
2026-02-17 19:40:13,070 - INFO - 提取招标信息: 
2026-02-17 19:40:13,070 - INFO - 提取招标信息: 牛肉、羊肉产品配送服务方案
2026-02-17 19:40:13,070 - INFO - 提取招标信息: 
2026-02-17 19:40:13,071 - INFO - 提取招标信息: 工业硫酸采购方案
2026-02-17 19:40:13,071 - INFO - 提取招标信息: 
2026-02-17 19:40:13,072 - INFO - 提取招标信息: 绿化苗木采购及种植养护投标文件（3729页）
2026-02-17 19:40:13,072 - INFO - 提取招标信息: 
2026-02-17 19:40:13,072 - INFO - 提取招标信息: 金属管材及管件供应商入库202页
2026-02-17 19:40:13,073 - INFO - 提取招标信息: 
2026-02-17 19:40:13,073 - INFO - 提取招标信息: 博爱送万家物资采购投标方案
2026-02-17 19:40:13,074 - INFO - 提取招标信息: 
2026-02-17 19:40:13,074 - INFO - 提取招标信息: 中学食堂配套设备采购项目投标方案
2026-02-17 19:40:13,075 - INFO - 提取招标信息: 
2026-02-17 19:40:13,075 - INFO - 提取招标信息: 公安局取暖块煤采购项目投标方案
2026-02-17 19:40:13,076 - INFO - 提取招标信息: 
2026-02-17 19:40:13,076 - INFO - 提取招标信息: 医院电缆采购及安装项目投标方案
2026-02-17 19:40:13,076 - INFO - 提取招标信息: 
2026-02-17 19:40:13,077 - INFO - 提取招标信息: 中学实验室设备采购项目方案
2026-02-17 19:40:13,077 - INFO - 提取招标信息: 
2026-02-17 19:40:13,078 - INFO - 提取招标信息: 儿童食品日常用品供货服务投标方案（3937页）
2026-02-17 19:40:13,078 - INFO - 提取招标信息: 
2026-02-17 19:40:13,079 - INFO - 提取招标信息: 耕地土壤重金属污染成因排查投标文件（4521页）
2026-02-17 19:40:13,079 - INFO - 提取招标信息: 耕地土壤重金属污染成因排查投标文件（4521页）
2026-02-17 19:40:13,080 - INFO - 提取招标信息: 
2026-02-17 19:40:13,081 - INFO - 提取招标信息: 传媒中心虚拟演播厅建设投标文件（4618页）
2026-02-17 19:40:13,081 - INFO - 提取招标信息: 
2026-02-17 19:40:13,082 - INFO - 提取招标信息: 大楼综合机电工程全彩图文技术标
2026-02-17 19:40:13,082 - INFO - 提取招标信息: 
2026-02-17 19:40:13,083 - INFO - 提取招标信息: 古建筑投标方案
2026-02-17 19:40:13,083 - INFO - 提取招标信息: 
2026-02-17 19:40:13,083 - INFO - 提取招标信息: 给排水改造工程检测项目投标方案
2026-02-17 19:40:13,083 - INFO - 提取招标信息: 
2026-02-17 19:40:13,084 - INFO - 提取招标信息: 高速公路项目土建分部安全标识牌和安全防护设施采购安装工程方案
2026-02-17 19:40:13,084 - INFO - 提取招标信息: 
2026-02-17 19:40:13,084 - INFO - 提取招标信息: 城区地下供水管网升级改造工程EPC总承包监理投标方案
2026-02-17 19:40:13,085 - INFO - 提取招标信息: 
2026-02-17 19:40:13,086 - INFO - 提取招标信息: 学校建设施工方案
2026-02-17 19:40:13,086 - INFO - 提取招标信息: 
2026-02-17 19:40:13,087 - INFO - 提取招标信息: 某办公区（大修改造）维修工程施工组织设计
2026-02-17 19:40:13,087 - INFO - 提取招标信息: 
2026-02-17 19:40:13,088 - INFO - 提取招标信息: 生态公墓建设工程投标方案
2026-02-17 19:40:13,088 - INFO - 提取招标信息: 
2026-02-17 19:40:13,089 - INFO - 提取招标信息: 装配式建筑工程图文并茂技术标
2026-02-17 19:40:13,089 - INFO - 提取招标信息: 
2026-02-17 19:40:13,090 - INFO - 提取招标信息: 市政排水管网图文并茂技术标
2026-02-17 19:40:13,090 - INFO - 提取招标信息: 
2026-02-17 19:40:13,091 - INFO - 提取招标信息: 老旧供热管网改造提升工程投标方案
2026-02-17 19:40:13,091 - INFO - 提取招标信息: 
2026-02-17 19:40:13,092 - INFO - 提取招标信息: 竞技体育场馆工程总承包技术标
2026-02-17 19:40:13,092 - INFO - 提取招标信息: 
2026-02-17 19:40:13,093 - INFO - 提取招标信息: 河道治理工程投标方案
2026-02-17 19:40:13,093 - INFO - 提取招标信息: 
2026-02-17 19:40:13,093 - INFO - 提取招标信息: 某地浮箱码头改造项目
2026-02-17 19:40:13,094 - INFO - 提取招标信息: 
2026-02-17 19:40:13,094 - INFO - 提取招标信息: 某地区公建房维修工程投标方案
2026-02-17 19:40:13,094 - INFO - 提取招标信息: 
2026-02-17 19:40:13,095 - INFO - 提取招标信息: 元旦春节节日亮化工程投标方案
2026-02-17 19:40:13,095 - INFO - 提取招标信息: 
2026-02-17 19:40:13,095 - INFO - 提取招标信息: 事故多发点段隐患整改项目投标方案
2026-02-17 19:40:13,096 - INFO - 提取招标信息: 
2026-02-17 19:40:13,096 - INFO - 提取招标信息: 河道清淤整治工程投标文件（4297页）
2026-02-17 19:40:13,096 - INFO - 提取招标信息: 
2026-02-17 19:40:13,097 - INFO - 提取招标信息: 滑坡地质灾害治理工程投标方案
2026-02-17 19:40:13,097 - INFO - 提取招标信息: 滑坡地质灾害治理工程投标方案
2026-02-17 19:40:13,098 - INFO - 提取招标信息: 
2026-02-17 19:40:13,098 - INFO - 提取招标信息: 医用家具采购技术方案
2026-02-17 19:40:13,099 - INFO - 提取招标信息: 
2026-02-17 19:40:13,099 - INFO - 提取招标信息: 鱼苗投放260页
2026-02-17 19:40:13,099 - INFO - 提取招标信息: 
2026-02-17 19:40:13,100 - INFO - 提取招标信息: 中药饮片方案
2026-02-17 19:40:13,100 - INFO - 提取招标信息: 
2026-02-17 19:40:13,100 - INFO - 提取招标信息: 市场监督管理局2025年下半年产品质量监督抽查及风险监测项目...
2026-02-17 19:40:13,101 - INFO - 提取招标信息: 
2026-02-17 19:40:13,101 - INFO - 提取招标信息: 产业园导视牌标识标牌项目投标方案
2026-02-17 19:40:13,102 - INFO - 提取招标信息: 
2026-02-17 19:40:13,102 - INFO - 提取招标信息: 实验学校数学实验室建造项目投标方案
2026-02-17 19:40:13,102 - INFO - 提取招标信息: 
2026-02-17 19:40:13,103 - INFO - 提取招标信息: 2025年城乡建设用地增减挂钩项目方案
2026-02-17 19:40:13,104 - INFO - 提取招标信息: 
2026-02-17 19:40:13,104 - INFO - 提取招标信息: 住宅软装供货及安装工程技术方案
2026-02-17 19:40:13,104 - INFO - 提取招标信息: 
2026-02-17 19:40:13,105 - INFO - 提取招标信息: 办公家具采购投标服务方案
2026-02-17 19:40:13,105 - INFO - 提取招标信息: 
2026-02-17 19:40:13,106 - INFO - 提取招标信息: 军事工程设计采购施工（EPC）总承包技术标
2026-02-17 19:40:13,106 - INFO - 提取招标信息: 
2026-02-17 19:40:13,107 - INFO - 提取招标信息: 标识标线采购投标方案
2026-02-17 19:40:13,107 - INFO - 提取招标信息: 
2026-02-17 19:40:13,107 - INFO - 提取招标信息: 污泥技术方案
2026-02-17 19:40:13,108 - INFO - 提取招标信息: 
2026-02-17 19:40:13,108 - INFO - 提取招标信息: 大型设备基础制作安装项目
2026-02-17 19:40:13,108 - INFO - 提取招标信息: 
2026-02-17 19:40:13,109 - INFO - 提取招标信息: 代理机构比选项目
2026-02-17 19:40:13,109 - INFO - 提取招标信息: 
2026-02-17 19:40:13,110 - INFO - 提取招标信息: 代理机构比选入围方案 (1)
2026-02-17 19:40:13,110 - INFO - 提取招标信息: 
2026-02-17 19:40:13,111 - INFO - 提取招标信息: 网红、主播带货培训方案-投标
2026-02-17 19:40:13,111 - INFO - 提取招标信息: 
2026-02-17 19:40:13,112 - INFO - 提取招标信息: 超高层钢结构专项方案
2026-02-17 19:40:13,112 - INFO - 提取招标信息: 
2026-02-17 19:40:13,113 - INFO - 提取招标信息: 公共停车场特许经营方案
2026-02-17 19:40:13,114 - INFO - 提取招标信息: 
2026-02-17 19:40:13,114 - INFO - 提取招标信息: O2O互联网洗衣中央工厂项目 实施方案
2026-02-17 19:40:13,115 - INFO - 提取招标信息: 
2026-02-17 19:40:13,115 - INFO - 提取招标信息: 
2026-02-17 19:40:13,116 - INFO - 提取招标信息: 
2026-02-17 19:40:13,116 - INFO - 提取招标信息: 
2026-02-17 19:40:13,116 - INFO - 进度: 20.0%, 已抓取: 276 条
2026-02-17 19:40:16,118 - INFO - 开始抓取第 2 页
2026-02-17 19:40:16,119 - INFO - 等待 2.65 秒后请求页面
2026-02-17 19:40:18,819 - ERROR - 获取页面失败: https://www.yfbzb.com//list-2.html, 错误: 404 Client Error:  for url: https://www.yfbzb.com//list-2.html
2026-02-17 19:40:18,820 - WARNING - 跳过第 2 页
2026-02-17 19:40:18,820 - INFO - 开始抓取第 3 页
2026-02-17 19:40:18,821 - INFO - 等待 1.79 秒后请求页面
2026-02-17 19:40:20,655 - ERROR - 获取页面失败: https://www.yfbzb.com//list-3.html, 错误: 404 Client Error:  for url: https://www.yfbzb.com//list-3.html
2026-02-17 19:40:20,656 - WARNING - 跳过第 3 页
2026-02-17 19:40:20,656 - INFO - 开始抓取第 4 页
2026-02-17 19:40:20,656 - INFO - 等待 1.86 秒后请求页面
2026-02-17 19:40:22,554 - ERROR - 获取页面失败: https://www.yfbzb.com//list-4.html, 错误: 404 Client Error:  for url: https://www.yfbzb.com//list-4.html
2026-02-17 19:40:22,555 - WARNING - 跳过第 4 页
2026-02-17 19:40:22,555 - INFO - 开始抓取第 5 页
2026-02-17 19:40:22,555 - INFO - 等待 2.40 秒后请求页面
2026-02-17 19:40:24,995 - ERROR - 获取页面失败: https://www.yfbzb.com//list-5.html, 错误: 404 Client Error:  for url: https://www.yfbzb.com//list-5.html
2026-02-17 19:40:24,995 - WARNING - 跳过第 5 页
2026-02-17 19:40:24,998 - INFO - 成功保存 276 条招标信息到 tender_info.csv
2026-02-17 19:40:24,998 - INFO - 爬虫执行完成，共抓取 276 条招标信息
2026-02-17 22:51:14,988 - INFO - 开始执行招投标信息爬虫
2026-02-17 22:51:14,989 - INFO - 开始抓取第 1 页
2026-02-17 22:51:14,989 - INFO - 等待 2.02 秒后请求页面
2026-02-17 22:51:18,135 - INFO - 成功获取页面: https://www.yfbzb.com/
2026-02-17 22:51:18,234 - INFO - 找到 276 个招标项目
2026-02-17 22:51:18,235 - INFO - 提取招标信息: 
2026-02-17 22:51:18,236 - INFO - 提取招标信息: 
2026-02-17 22:51:18,237 - INFO - 提取招标信息: 
2026-02-17 22:51:18,237 - INFO - 提取招标信息: 
2026-02-17 22:51:18,237 - INFO - 提取招标信息: 
2026-02-17 22:51:18,238 - INFO - 提取招标信息: 
2026-02-17 22:51:18,238 - INFO - 提取招标信息: 
2026-02-17 22:51:18,239 - INFO - 提取招标信息: 
2026-02-17 22:51:18,239 - INFO - 提取招标信息: 
2026-02-17 22:51:18,239 - INFO - 提取招标信息: 
2026-02-17 22:51:18,240 - INFO - 提取招标信息: 
2026-02-17 22:51:18,240 - INFO - 提取招标信息: 
2026-02-17 22:51:18,241 - INFO - 提取招标信息: 
2026-02-17 22:51:18,241 - INFO - 提取招标信息: 
2026-02-17 22:51:18,241 - INFO - 提取招标信息: 
2026-02-17 22:51:18,241 - INFO - 提取招标信息: 
2026-02-17 22:51:18,242 - INFO - 提取招标信息: 
2026-02-17 22:51:18,242 - INFO - 提取招标信息: 
2026-02-17 22:51:18,242 - INFO - 提取招标信息: 
2026-02-17 22:51:18,242 - INFO - 提取招标信息: 
2026-02-17 22:51:18,243 - INFO - 提取招标信息: 
2026-02-17 22:51:18,243 - INFO - 提取招标信息: 
2026-02-17 22:51:18,243 - INFO - 提取招标信息: 
2026-02-17 22:51:18,244 - INFO - 提取招标信息: 
2026-02-17 22:51:18,244 - INFO - 提取招标信息: 
2026-02-17 22:51:18,244 - INFO - 提取招标信息: 
2026-02-17 22:51:18,245 - INFO - 提取招标信息: 
2026-02-17 22:51:18,245 - INFO - 提取招标信息: 
2026-02-17 22:51:18,246 - INFO - 提取招标信息: 
2026-02-17 22:51:18,246 - INFO - 提取招标信息: 
2026-02-17 22:51:18,246 - INFO - 提取招标信息: 
2026-02-17 22:51:18,247 - INFO - 提取招标信息: 
2026-02-17 22:51:18,247 - INFO - 提取招标信息: 
2026-02-17 22:51:18,248 - INFO - 提取招标信息: 
2026-02-17 22:51:18,248 - INFO - 提取招标信息: 
2026-02-17 22:51:18,249 - INFO - 提取招标信息: 
2026-02-17 22:51:18,249 - INFO - 提取招标信息: 
2026-02-17 22:51:18,249 - INFO - 提取招标信息: 
2026-02-17 22:51:18,250 - INFO - 提取招标信息: 
2026-02-17 22:51:18,250 - INFO - 提取招标信息: 
2026-02-17 22:51:18,250 - INFO - 提取招标信息: 
2026-02-17 22:51:18,251 - INFO - 提取招标信息: 
2026-02-17 22:51:18,251 - INFO - 提取招标信息: 
2026-02-17 22:51:18,251 - INFO - 提取招标信息: 
2026-02-17 22:51:18,252 - INFO - 提取招标信息: 
2026-02-17 22:51:18,252 - INFO - 提取招标信息: 
2026-02-17 22:51:18,253 - INFO - 提取招标信息: 
2026-02-17 22:51:18,253 - INFO - 提取招标信息: 
2026-02-17 22:51:18,253 - INFO - 提取招标信息: 
2026-02-17 22:51:18,254 - INFO - 提取招标信息: 
2026-02-17 22:51:18,255 - INFO - 提取招标信息: 
2026-02-17 22:51:18,256 - INFO - 提取招标信息: 
2026-02-17 22:51:18,257 - INFO - 提取招标信息: 
2026-02-17 22:51:18,257 - INFO - 提取招标信息: 
2026-02-17 22:51:18,257 - INFO - 提取招标信息: 
2026-02-17 22:51:18,258 - INFO - 提取招标信息: 
2026-02-17 22:51:18,258 - INFO - 提取招标信息: 
2026-02-17 22:51:18,258 - INFO - 提取招标信息: 
2026-02-17 22:51:18,258 - INFO - 提取招标信息: 
2026-02-17 22:51:18,259 - INFO - 提取招标信息: 
2026-02-17 22:51:18,259 - INFO - 提取招标信息: 
2026-02-17 22:51:18,259 - INFO - 提取招标信息: 
2026-02-17 22:51:18,259 - INFO - 提取招标信息: 
2026-02-17 22:51:18,260 - INFO - 提取招标信息: 
2026-02-17 22:51:18,260 - INFO - 提取招标信息: 
2026-02-17 22:51:18,263 - INFO - 提取招标信息: 政府单位食堂外包服务采购项目技术方案（图文结合）
2026-02-17 22:51:18,263 - INFO - 提取招标信息: 
2026-02-17 22:51:18,264 - INFO - 提取招标信息: 
2026-02-17 22:51:18,265 - INFO - 提取招标信息: 政府单位食堂外包服务采购项目技术方案（图文结合）
2026-02-17 22:51:18,265 - INFO - 提取招标信息: 政府单位食堂外包服务采购项目技术方案（图文结合）
2026-02-17 22:51:18,266 - INFO - 提取招标信息: 
2026-02-17 22:51:18,266 - INFO - 提取招标信息: 耕地土壤重金属污染成因排查投标文件（4521页）
2026-02-17 22:51:18,266 - INFO - 提取招标信息: 
2026-02-17 22:51:18,266 - INFO - 提取招标信息: 中学物业管理服务方案
2026-02-17 22:51:18,267 - INFO - 提取招标信息: 
2026-02-17 22:51:18,267 - INFO - 提取招标信息: 医院劳务派遣服务方案
2026-02-17 22:51:18,267 - INFO - 提取招标信息: 
2026-02-17 22:51:18,268 - INFO - 提取招标信息: 市政道路保洁项目投标方案(4050页)
2026-02-17 22:51:18,268 - INFO - 提取招标信息: 
2026-02-17 22:51:18,268 - INFO - 提取招标信息: 智慧环卫一体化投标文件（4325页）
2026-02-17 22:51:18,268 - INFO - 提取招标信息: 
2026-02-17 22:51:18,269 - INFO - 提取招标信息: 传媒中心虚拟演播厅建设投标文件（4618页）
2026-02-17 22:51:18,269 - INFO - 提取招标信息: 
2026-02-17 22:51:18,270 - INFO - 提取招标信息: 大楼综合机电工程全彩图文技术标
2026-02-17 22:51:18,270 - INFO - 提取招标信息: 
2026-02-17 22:51:18,271 - INFO - 提取招标信息: 镇区及工业园区绿化养护服务方案
2026-02-17 22:51:18,271 - INFO - 提取招标信息: 
2026-02-17 22:51:18,271 - INFO - 提取招标信息: 古建筑投标方案
2026-02-17 22:51:18,272 - INFO - 提取招标信息: 
2026-02-17 22:51:18,272 - INFO - 提取招标信息: 给排水改造工程检测项目投标方案
2026-02-17 22:51:18,272 - INFO - 提取招标信息: 
2026-02-17 22:51:18,273 - INFO - 提取招标信息: 幼儿园食堂大宗食材采购项目投标方案
2026-02-17 22:51:18,273 - INFO - 提取招标信息: 
2026-02-17 22:51:18,273 - INFO - 提取招标信息: 中学食材配送项目（鲜肉类）方案
2026-02-17 22:51:18,273 - INFO - 提取招标信息: 
2026-02-17 22:51:18,274 - INFO - 提取招标信息: 气膜材料及配套机电设备采购施工方案
2026-02-17 22:51:18,274 - INFO - 提取招标信息: 
2026-02-17 22:51:18,274 - INFO - 提取招标信息: 某机关单位+三下乡（实施方案与应急预案）
2026-02-17 22:51:18,275 - INFO - 提取招标信息: 
2026-02-17 22:51:18,275 - INFO - 提取招标信息: 政府网站集约化平台优化项目投标文件（4344页）
2026-02-17 22:51:18,275 - INFO - 提取招标信息: 
2026-02-17 22:51:18,275 - INFO - 提取招标信息: 实训室实训设备供货安装方案
2026-02-17 22:51:18,276 - INFO - 提取招标信息: 
2026-02-17 22:51:18,276 - INFO - 提取招标信息: 旅游疗养团队委托服务，社团服务
2026-02-17 22:51:18,276 - INFO - 提取招标信息: 
2026-02-17 22:51:18,277 - INFO - 提取招标信息: 消防物资、应急救援物资采购项目投标方案
2026-02-17 22:51:18,277 - INFO - 提取招标信息: 
2026-02-17 22:51:18,277 - INFO - 提取招标信息: 医院物业（保洁、安保、水电维修、消防控制）服务项目
2026-02-17 22:51:18,277 - INFO - 提取招标信息: 
2026-02-17 22:51:18,278 - INFO - 提取招标信息: 政府单位食堂外包服务采购项目技术方案（图文结合）
2026-02-17 22:51:18,278 - INFO - 提取招标信息: 政府单位食堂外包服务采购项目技术方案（图文结合）
2026-02-17 22:51:18,278 - INFO - 提取招标信息: 
2026-02-17 22:51:18,279 - INFO - 提取招标信息: 中学物业管理服务方案
2026-02-17 22:51:18,281 - INFO - 提取招标信息: 
2026-02-17 22:51:18,283 - INFO - 提取招标信息: 医院劳务派遣服务方案
2026-02-17 22:51:18,284 - INFO - 提取招标信息: 
2026-02-17 22:51:18,284 - INFO - 提取招标信息: 市政道路保洁项目投标方案(4050页)
2026-02-17 22:51:18,284 - INFO - 提取招标信息: 
2026-02-17 22:51:18,285 - INFO - 提取招标信息: 智慧环卫一体化投标文件（4325页）
2026-02-17 22:51:18,285 - INFO - 提取招标信息: 
2026-02-17 22:51:18,286 - INFO - 提取招标信息: 镇区及工业园区绿化养护服务方案
2026-02-17 22:51:18,286 - INFO - 提取招标信息: 
2026-02-17 22:51:18,287 - INFO - 提取招标信息: 中学食材配送项目（鲜肉类）方案
2026-02-17 22:51:18,287 - INFO - 提取招标信息: 
2026-02-17 22:51:18,288 - INFO - 提取招标信息: 某机关单位+三下乡（实施方案与应急预案）
2026-02-17 22:51:18,288 - INFO - 提取招标信息: 
2026-02-17 22:51:18,289 - INFO - 提取招标信息: 政府网站集约化平台优化项目投标文件（4344页）
2026-02-17 22:51:18,290 - INFO - 提取招标信息: 
2026-02-17 22:51:18,290 - INFO - 提取招标信息: 旅游疗养团队委托服务，社团服务
2026-02-17 22:51:18,290 - INFO - 提取招标信息: 
2026-02-17 22:51:18,291 - INFO - 提取招标信息: 医院物业（保洁、安保、水电维修、消防控制）服务项目
2026-02-17 22:51:18,291 - INFO - 提取招标信息: 
2026-02-17 22:51:18,291 - INFO - 提取招标信息: 城区道路交通设施维护投标文件（3979页）
2026-02-17 22:51:18,292 - INFO - 提取招标信息: 
2026-02-17 22:51:18,292 - INFO - 提取招标信息: 设备维修服务方案(电脑、打印机、复印机等设备)
2026-02-17 22:51:18,292 - INFO - 提取招标信息: 
2026-02-17 22:51:18,292 - INFO - 提取招标信息: 酒店工作任务承揽项目服务方案
2026-02-17 22:51:18,293 - INFO - 提取招标信息: 
2026-02-17 22:51:18,293 - INFO - 提取招标信息: 镇人民政府大院物业服务投标方案
2026-02-17 22:51:18,293 - INFO - 提取招标信息: 
2026-02-17 22:51:18,294 - INFO - 提取招标信息: 绿廊公园安保保洁服务及部分绿地养护投标方案
2026-02-17 22:51:18,294 - INFO - 提取招标信息: 
2026-02-17 22:51:18,294 - INFO - 提取招标信息: 市容管理服务投标文件（5660页）
2026-02-17 22:51:18,294 - INFO - 提取招标信息: 
2026-02-17 22:51:18,295 - INFO - 提取招标信息: 城市水体养护项目投标文件（3776页）
2026-02-17 22:51:18,295 - INFO - 提取招标信息: 
2026-02-17 22:51:18,295 - INFO - 提取招标信息: 新能源停车场配套设施、充电桩建设及停车场规划运营维保项目方案
2026-02-17 22:51:18,295 - INFO - 提取招标信息: 
2026-02-17 22:51:18,296 - INFO - 提取招标信息: 博物馆物业管理服务方案
2026-02-17 22:51:18,296 - INFO - 提取招标信息: 
2026-02-17 22:51:18,297 - INFO - 提取招标信息: 幼儿园食堂大宗食材采购项目投标方案
2026-02-17 22:51:18,297 - INFO - 提取招标信息: 幼儿园食堂大宗食材采购项目投标方案
2026-02-17 22:51:18,297 - INFO - 提取招标信息: 
2026-02-17 22:51:18,298 - INFO - 提取招标信息: 气膜材料及配套机电设备采购施工方案
2026-02-17 22:51:18,298 - INFO - 提取招标信息: 
2026-02-17 22:51:18,298 - INFO - 提取招标信息: 实训室实训设备供货安装方案
2026-02-17 22:51:18,298 - INFO - 提取招标信息: 
2026-02-17 22:51:18,299 - INFO - 提取招标信息: 消防物资、应急救援物资采购项目投标方案
2026-02-17 22:51:18,299 - INFO - 提取招标信息: 
2026-02-17 22:51:18,299 - INFO - 提取招标信息: 药品供应配送项目服务方案
2026-02-17 22:51:18,299 - INFO - 提取招标信息: 
2026-02-17 22:51:18,300 - INFO - 提取招标信息: 医用耗材供应配送服务方案
2026-02-17 22:51:18,300 - INFO - 提取招标信息: 
2026-02-17 22:51:18,300 - INFO - 提取招标信息: 全类食材配送服务方案
2026-02-17 22:51:18,300 - INFO - 提取招标信息: 
2026-02-17 22:51:18,301 - INFO - 提取招标信息: 日用品配送服务方案
2026-02-17 22:51:18,301 - INFO - 提取招标信息: 
2026-02-17 22:51:18,301 - INFO - 提取招标信息: 监狱生活物资配送 米面油
2026-02-17 22:51:18,301 - INFO - 提取招标信息: 
2026-02-17 22:51:18,302 - INFO - 提取招标信息: 公共卫生间用纸及洗手液产品供应配送服务方案
2026-02-17 22:51:18,302 - INFO - 提取招标信息: 
2026-02-17 22:51:18,303 - INFO - 提取招标信息: 牛肉、羊肉产品配送服务方案
2026-02-17 22:51:18,303 - INFO - 提取招标信息: 
2026-02-17 22:51:18,303 - INFO - 提取招标信息: 工业硫酸采购方案
2026-02-17 22:51:18,304 - INFO - 提取招标信息: 
2026-02-17 22:51:18,304 - INFO - 提取招标信息: 绿化苗木采购及种植养护投标文件（3729页）
2026-02-17 22:51:18,304 - INFO - 提取招标信息: 
2026-02-17 22:51:18,304 - INFO - 提取招标信息: 金属管材及管件供应商入库202页
2026-02-17 22:51:18,304 - INFO - 提取招标信息: 
2026-02-17 22:51:18,305 - INFO - 提取招标信息: 博爱送万家物资采购投标方案
2026-02-17 22:51:18,305 - INFO - 提取招标信息: 
2026-02-17 22:51:18,305 - INFO - 提取招标信息: 中学食堂配套设备采购项目投标方案
2026-02-17 22:51:18,306 - INFO - 提取招标信息: 
2026-02-17 22:51:18,306 - INFO - 提取招标信息: 公安局取暖块煤采购项目投标方案
2026-02-17 22:51:18,306 - INFO - 提取招标信息: 
2026-02-17 22:51:18,307 - INFO - 提取招标信息: 医院电缆采购及安装项目投标方案
2026-02-17 22:51:18,307 - INFO - 提取招标信息: 
2026-02-17 22:51:18,307 - INFO - 提取招标信息: 中学实验室设备采购项目方案
2026-02-17 22:51:18,308 - INFO - 提取招标信息: 
2026-02-17 22:51:18,308 - INFO - 提取招标信息: 儿童食品日常用品供货服务投标方案（3937页）
2026-02-17 22:51:18,308 - INFO - 提取招标信息: 
2026-02-17 22:51:18,310 - INFO - 提取招标信息: 耕地土壤重金属污染成因排查投标文件（4521页）
2026-02-17 22:51:18,310 - INFO - 提取招标信息: 耕地土壤重金属污染成因排查投标文件（4521页）
2026-02-17 22:51:18,311 - INFO - 提取招标信息: 
2026-02-17 22:51:18,311 - INFO - 提取招标信息: 传媒中心虚拟演播厅建设投标文件（4618页）
2026-02-17 22:51:18,311 - INFO - 提取招标信息: 
2026-02-17 22:51:18,312 - INFO - 提取招标信息: 大楼综合机电工程全彩图文技术标
2026-02-17 22:51:18,312 - INFO - 提取招标信息: 
2026-02-17 22:51:18,312 - INFO - 提取招标信息: 古建筑投标方案
2026-02-17 22:51:18,313 - INFO - 提取招标信息: 
2026-02-17 22:51:18,313 - INFO - 提取招标信息: 给排水改造工程检测项目投标方案
2026-02-17 22:51:18,313 - INFO - 提取招标信息: 
2026-02-17 22:51:18,313 - INFO - 提取招标信息: 高速公路项目土建分部安全标识牌和安全防护设施采购安装工程方案
2026-02-17 22:51:18,314 - INFO - 提取招标信息: 
2026-02-17 22:51:18,314 - INFO - 提取招标信息: 城区地下供水管网升级改造工程EPC总承包监理投标方案
2026-02-17 22:51:18,314 - INFO - 提取招标信息: 
2026-02-17 22:51:18,314 - INFO - 提取招标信息: 学校建设施工方案
2026-02-17 22:51:18,315 - INFO - 提取招标信息: 
2026-02-17 22:51:18,315 - INFO - 提取招标信息: 某办公区（大修改造）维修工程施工组织设计
2026-02-17 22:51:18,315 - INFO - 提取招标信息: 
2026-02-17 22:51:18,315 - INFO - 提取招标信息: 生态公墓建设工程投标方案
2026-02-17 22:51:18,316 - INFO - 提取招标信息: 
2026-02-17 22:51:18,316 - INFO - 提取招标信息: 装配式建筑工程图文并茂技术标
2026-02-17 22:51:18,317 - INFO - 提取招标信息: 
2026-02-17 22:51:18,317 - INFO - 提取招标信息: 市政排水管网图文并茂技术标
2026-02-17 22:51:18,317 - INFO - 提取招标信息: 
2026-02-17 22:51:18,318 - INFO - 提取招标信息: 老旧供热管网改造提升工程投标方案
2026-02-17 22:51:18,318 - INFO - 提取招标信息: 
2026-02-17 22:51:18,318 - INFO - 提取招标信息: 竞技体育场馆工程总承包技术标
2026-02-17 22:51:18,319 - INFO - 提取招标信息: 
2026-02-17 22:51:18,319 - INFO - 提取招标信息: 河道治理工程投标方案
2026-02-17 22:51:18,320 - INFO - 提取招标信息: 
2026-02-17 22:51:18,320 - INFO - 提取招标信息: 某地浮箱码头改造项目
2026-02-17 22:51:18,320 - INFO - 提取招标信息: 
2026-02-17 22:51:18,320 - INFO - 提取招标信息: 某地区公建房维修工程投标方案
2026-02-17 22:51:18,321 - INFO - 提取招标信息: 
2026-02-17 22:51:18,321 - INFO - 提取招标信息: 元旦春节节日亮化工程投标方案
2026-02-17 22:51:18,321 - INFO - 提取招标信息: 
2026-02-17 22:51:18,321 - INFO - 提取招标信息: 事故多发点段隐患整改项目投标方案
2026-02-17 22:51:18,322 - INFO - 提取招标信息: 
2026-02-17 22:51:18,322 - INFO - 提取招标信息: 河道清淤整治工程投标文件（4297页）
2026-02-17 22:51:18,322 - INFO - 提取招标信息: 
2026-02-17 22:51:18,323 - INFO - 提取招标信息: 滑坡地质灾害治理工程投标方案
2026-02-17 22:51:18,324 - INFO - 提取招标信息: 滑坡地质灾害治理工程投标方案
2026-02-17 22:51:18,324 - INFO - 提取招标信息: 
2026-02-17 22:51:18,325 - INFO - 提取招标信息: 医用家具采购技术方案
2026-02-17 22:51:18,325 - INFO - 提取招标信息: 
2026-02-17 22:51:18,325 - INFO - 提取招标信息: 鱼苗投放260页
2026-02-17 22:51:18,326 - INFO - 提取招标信息: 
2026-02-17 22:51:18,326 - INFO - 提取招标信息: 中药饮片方案
2026-02-17 22:51:18,326 - INFO - 提取招标信息: 
2026-02-17 22:51:18,327 - INFO - 提取招标信息: 市场监督管理局2025年下半年产品质量监督抽查及风险监测项目...
2026-02-17 22:51:18,327 - INFO - 提取招标信息: 
2026-02-17 22:51:18,328 - INFO - 提取招标信息: 产业园导视牌标识标牌项目投标方案
2026-02-17 22:51:18,328 - INFO - 提取招标信息: 
2026-02-17 22:51:18,328 - INFO - 提取招标信息: 实验学校数学实验室建造项目投标方案
2026-02-17 22:51:18,329 - INFO - 提取招标信息: 
2026-02-17 22:51:18,329 - INFO - 提取招标信息: 2025年城乡建设用地增减挂钩项目方案
2026-02-17 22:51:18,329 - INFO - 提取招标信息: 
2026-02-17 22:51:18,330 - INFO - 提取招标信息: 住宅软装供货及安装工程技术方案
2026-02-17 22:51:18,330 - INFO - 提取招标信息: 
2026-02-17 22:51:18,330 - INFO - 提取招标信息: 办公家具采购投标服务方案
2026-02-17 22:51:18,330 - INFO - 提取招标信息: 
2026-02-17 22:51:18,331 - INFO - 提取招标信息: 军事工程设计采购施工（EPC）总承包技术标
2026-02-17 22:51:18,331 - INFO - 提取招标信息: 
2026-02-17 22:51:18,331 - INFO - 提取招标信息: 标识标线采购投标方案
2026-02-17 22:51:18,331 - INFO - 提取招标信息: 
2026-02-17 22:51:18,332 - INFO - 提取招标信息: 污泥技术方案
2026-02-17 22:51:18,332 - INFO - 提取招标信息: 
2026-02-17 22:51:18,332 - INFO - 提取招标信息: 大型设备基础制作安装项目
2026-02-17 22:51:18,333 - INFO - 提取招标信息: 
2026-02-17 22:51:18,333 - INFO - 提取招标信息: 代理机构比选项目
2026-02-17 22:51:18,333 - INFO - 提取招标信息: 
2026-02-17 22:51:18,333 - INFO - 提取招标信息: 代理机构比选入围方案 (1)
2026-02-17 22:51:18,334 - INFO - 提取招标信息: 
2026-02-17 22:51:18,334 - INFO - 提取招标信息: 网红、主播带货培训方案-投标
2026-02-17 22:51:18,334 - INFO - 提取招标信息: 
2026-02-17 22:51:18,334 - INFO - 提取招标信息: 超高层钢结构专项方案
2026-02-17 22:51:18,334 - INFO - 提取招标信息: 
2026-02-17 22:51:18,335 - INFO - 提取招标信息: 公共停车场特许经营方案
2026-02-17 22:51:18,335 - INFO - 提取招标信息: 
2026-02-17 22:51:18,335 - INFO - 提取招标信息: O2O互联网洗衣中央工厂项目 实施方案
2026-02-17 22:51:18,336 - INFO - 提取招标信息: 
2026-02-17 22:51:18,336 - INFO - 提取招标信息: 
2026-02-17 22:51:18,337 - INFO - 提取招标信息: 
2026-02-17 22:51:18,337 - INFO - 提取招标信息: 
2026-02-17 22:51:18,337 - INFO - 进度: 20.0%, 已抓取: 276 条
2026-02-17 22:51:21,312 - INFO - 开始抓取第 2 页
2026-02-17 22:51:21,312 - INFO - 等待 1.30 秒后请求页面
2026-02-17 22:51:22,762 - ERROR - 获取页面失败: https://www.yfbzb.com//list-2.html, 错误: 404 Client Error:  for url: https://www.yfbzb.com//list-2.html
2026-02-17 22:51:22,763 - WARNING - 跳过第 2 页
2026-02-17 22:51:22,763 - INFO - 开始抓取第 3 页
2026-02-17 22:51:22,763 - INFO - 等待 1.93 秒后请求页面
2026-02-17 22:51:24,794 - ERROR - 获取页面失败: https://www.yfbzb.com//list-3.html, 错误: 404 Client Error:  for url: https://www.yfbzb.com//list-3.html
2026-02-17 22:51:24,795 - WARNING - 跳过第 3 页
2026-02-17 22:51:24,795 - INFO - 开始抓取第 4 页
2026-02-17 22:51:24,796 - INFO - 等待 2.33 秒后请求页面
2026-02-17 22:51:27,277 - ERROR - 获取页面失败: https://www.yfbzb.com//list-4.html, 错误: 404 Client Error:  for url: https://www.yfbzb.com//list-4.html
2026-02-17 22:51:27,278 - WARNING - 跳过第 4 页
2026-02-17 22:51:27,278 - INFO - 开始抓取第 5 页
2026-02-17 22:51:27,279 - INFO - 等待 2.88 秒后请求页面
2026-02-17 22:51:30,270 - ERROR - 获取页面失败: https://www.yfbzb.com//list-5.html, 错误: 404 Client Error:  for url: https://www.yfbzb.com//list-5.html
2026-02-17 22:51:30,271 - WARNING - 跳过第 5 页
2026-02-17 22:51:30,274 - INFO - 成功保存 276 条招标信息到 tender_info.csv
2026-02-17 22:51:30,274 - INFO - 爬虫执行完成，共抓取 276 条招标信息
